<?xml version="1.0" encoding="UTF-8"?>
<!-- Generated by org.testng.reporters.JUnitXMLReporter -->
<testsuite hostname="ram" ignored="0" name="Test" tests="5" failures="1" timestamp="17 Nov 2022 11:20:01 GMT" time="13.822" errors="0">
  <testcase name="tc1" time="13.736" classname="com.test.Date"/>
  <testcase name="tc2" time="0.013" classname="com.test.Date">
    <skipped/>
  </testcase> <!-- tc2 -->
  <testcase name="tc2" time="0.002" classname="com.test.Date">
    <skipped/>
  </testcase> <!-- tc2 -->
  <testcase name="tc2" time="0.005" classname="com.test.Date">
    <skipped/>
  </testcase> <!-- tc2 -->
  <testcase name="tc2" time="0.002" classname="com.test.Date">
    <failure type="java.lang.AssertionError" message="expected [true] but found [false]">
      <![CDATA[java.lang.AssertionError: expected [true] but found [false]
at com.test.Date.tc2(Date.java:48)
... Removed 29 stack frames]]>
    </failure>
  </testcase> <!-- tc2 -->
</testsuite> <!-- Test -->
