<?xml version="1.0" encoding="UTF-8"?>
<!-- Generated by org.testng.reporters.JUnitXMLReporter -->
<testsuite hostname="ram" ignored="5" name="Test" tests="1" failures="0" timestamp="28 Nov 2022 09:49:37 GMT" time="9.425" errors="0">
  <testcase name="user__createnewaccount" time="9.393" classname="com.test.Authenticate"/>
  <testcase name="user_enters__empty_password_and_Username" time="0.0" classname="com.test.Authenticate">
    <ignored/>
  </testcase> <!-- user_enters__empty_password_and_Username -->
  <testcase name="when_invalid_password_valid_Username_throwerror" time="0.0" classname="com.test.Authenticate">
    <ignored/>
  </testcase> <!-- when_invalid_password_valid_Username_throwerror -->
  <testcase name="user_enters__invalid_password_invalid_Username_throwerror" time="0.0" classname="com.test.Authenticate">
    <ignored/>
  </testcase> <!-- user_enters__invalid_password_invalid_Username_throwerror -->
  <testcase name="user_enters__forgotpassword_invalid_phone" time="0.0" classname="com.test.Authenticate">
    <ignored/>
  </testcase> <!-- user_enters__forgotpassword_invalid_phone -->
  <testcase name="user_enters__forgotpassword_invalid_email" time="0.0" classname="com.test.Authenticate">
    <ignored/>
  </testcase> <!-- user_enters__forgotpassword_invalid_email -->
</testsuite> <!-- Test -->
