<?xml version="1.0" encoding="UTF-8"?>
<!-- Generated by org.testng.reporters.JUnitXMLReporter -->
<testsuite hostname="ram" ignored="1" name="Test(failed)" tests="1" failures="1" timestamp="16 Nov 2022 05:24:21 GMT" time="0.063" errors="0">
  <testcase name="tc" time="0.019" classname="com.test.FF">
    <failure type="java.lang.AssertionError" message="tc1 expected [true] but found [false]">
      <![CDATA[java.lang.AssertionError: tc1 expected [true] but found [false]
at com.test.FF.tc(FF.java:10)
... Removed 28 stack frames]]>
    </failure>
  </testcase> <!-- tc -->
  <testcase name="tc2" time="0.0" classname="com.test.FF">
    <ignored/>
  </testcase> <!-- tc2 -->
</testsuite> <!-- Test(failed) -->
