<?xml version="1.0" encoding="UTF-8"?>
<testng-results skipped="0" failed="0" ignored="5" total="6" passed="1">
  <reporter-output>
  </reporter-output>
  <suite name="Suite" duration-ms="9425" started-at="2022-11-28T09:49:28Z" finished-at="2022-11-28T09:49:37Z">
    <groups>
      <group name="create">
        <method signature="Authenticate.user__createnewaccount()[pri:0, instance:com.test.Authenticate@5702b3b1]" name="user__createnewaccount" class="com.test.Authenticate"/>
      </group> <!-- create -->
    </groups>
    <test name="Test" duration-ms="9425" started-at="2022-11-28T09:49:28Z" finished-at="2022-11-28T09:49:37Z">
      <class name="com.test.Authenticate">
        <test-method status="PASS" signature="user__createnewaccount()[pri:0, instance:com.test.Authenticate@5702b3b1]" name="user__createnewaccount" duration-ms="9393" started-at="2022-11-28T09:49:28Z" finished-at="2022-11-28T09:49:37Z">
          <reporter-output>
          </reporter-output>
        </test-method> <!-- user__createnewaccount -->
      </class> <!-- com.test.Authenticate -->
    </test> <!-- Test -->
  </suite> <!-- Suite -->
</testng-results>
